<?xml version="1.0" encoding="UTF-8"?>
<testng-results skipped="0" failed="0" ignored="0" total="1" passed="1">
  <reporter-output>
  </reporter-output>
  <suite name="Suite" duration-ms="18822" started-at="2022-12-26T17:20:37Z" finished-at="2022-12-26T17:20:56Z">
    <groups>
    </groups>
    <test name="Test" duration-ms="18822" started-at="2022-12-26T17:20:37Z" finished-at="2022-12-26T17:20:56Z">
      <class name="test.endtoend.phase3.EndToEndTest">
        <test-method status="PASS" signature="Test1()[pri:0, instance:test.endtoend.phase3.EndToEndTest@7bc1a03d]" name="Test1" duration-ms="18807" started-at="2022-12-26T17:20:37Z" finished-at="2022-12-26T17:20:56Z">
          <reporter-output>
          </reporter-output>
        </test-method> <!-- Test1 -->
      </class> <!-- test.endtoend.phase3.EndToEndTest -->
    </test> <!-- Test -->
  </suite> <!-- Suite -->
</testng-results>
