<?xml version="1.0" encoding="UTF-8"?>
<testng-results skipped="0" failed="0" ignored="0" total="1" passed="1">
  <reporter-output>
  </reporter-output>
  <suite name="Suite" duration-ms="109744" started-at="2022-12-14T10:01:44Z" finished-at="2022-12-14T10:03:34Z">
    <groups>
    </groups>
    <test name="Test" duration-ms="109744" started-at="2022-12-14T10:01:44Z" finished-at="2022-12-14T10:03:34Z">
      <class name="test.endtoend.phase3.EndToEndTest">
        <test-method status="PASS" signature="Test1()[pri:0, instance:test.endtoend.phase3.EndToEndTest@7bc1a03d]" name="Test1" duration-ms="109662" started-at="2022-12-14T10:01:45Z" finished-at="2022-12-14T10:03:34Z">
          <reporter-output>
          </reporter-output>
        </test-method> <!-- Test1 -->
      </class> <!-- test.endtoend.phase3.EndToEndTest -->
    </test> <!-- Test -->
  </suite> <!-- Suite -->
</testng-results>
