<?xml version="1.0" encoding="UTF-8"?>
<testng-results skipped="0" failed="0" ignored="0" total="1" passed="1">
  <reporter-output>
  </reporter-output>
  <suite name="Default suite" duration-ms="16759" started-at="2022-12-14T09:47:04Z" finished-at="2022-12-14T09:47:20Z">
    <groups>
    </groups>
    <test name="Default test" duration-ms="16759" started-at="2022-12-14T09:47:04Z" finished-at="2022-12-14T09:47:20Z">
      <class name="test.endtoend.phase3.EndToEndTest">
        <test-method status="PASS" signature="Test1()[pri:0, instance:test.endtoend.phase3.EndToEndTest@482cd91f]" name="Test1" duration-ms="16723" started-at="2022-12-14T09:47:04Z" finished-at="2022-12-14T09:47:20Z">
          <reporter-output>
          </reporter-output>
        </test-method> <!-- Test1 -->
      </class> <!-- test.endtoend.phase3.EndToEndTest -->
    </test> <!-- Default test -->
  </suite> <!-- Default suite -->
</testng-results>
